15:03:27.704 [JPS thread pool] INFO  o.a.AndroidAnnotationProcessor:84 - Initialize AndroidAnnotations 3.1 with options {}
15:04:08.716 [JPS thread pool] INFO  o.a.AndroidAnnotationProcessor:84 - Initialize AndroidAnnotations 3.1 with options {}
15:06:27.190 [JPS thread pool] INFO  o.a.AndroidAnnotationProcessor:84 - Initialize AndroidAnnotations 3.1 with options {}
15:08:46.797 [JPS thread pool] INFO  o.a.AndroidAnnotationProcessor:84 - Initialize AndroidAnnotations 3.1 with options {}
15:08:47.44 [JPS thread pool] INFO  o.a.AndroidAnnotationProcessor:108 - Start processing for 1 annotations on 1 elements
15:08:47.53 [JPS thread pool] DEBUG o.a.h.AndroidManifestFinder:137 - AndroidManifest.xml file found in parent folder E:\codeRes\BlueLight: E:\codeRes\BlueLight\AndroidManifest.xml
15:08:47.179 [JPS thread pool] INFO  o.a.AndroidAnnotationProcessor:171 - AndroidManifest.xml found: AndroidManifest [applicationPackage=com.lfz.blueLight, componentQualifiedNames=[com.lfz.blueLight.MyActivity_], permissionQualifiedNames=[], applicationClassName=null, libraryProject=false, debugabble=false, minSdkVersion=19, maxSdkVersion=-1, targetSdkVersion=-1]
15:08:47.181 [JPS thread pool] INFO  o.a.r.ProjectRClassFinder:50 - Found project R class: com.lfz.blueLight.R
15:08:47.194 [JPS thread pool] INFO  o.a.r.AndroidRClassFinder:44 - Found Android class: android.R
15:08:47.262 [JPS thread pool] INFO  o.a.p.ModelValidator:42 - Validating elements
15:08:47.263 [JPS thread pool] DEBUG o.a.p.ModelValidator:62 - Validating with EActivityHandler: [com.lfz.blueLight.MyActivity]
15:08:47.299 [JPS thread pool] INFO  o.a.p.ModelProcessor:69 - Processing root elements
15:08:47.300 [JPS thread pool] DEBUG o.a.p.ModelProcessor:160 - Processing root elements EActivityHandler: [com.lfz.blueLight.MyActivity]
15:08:47.378 [JPS thread pool] INFO  o.a.p.ModelProcessor:77 - Processing enclosed elements
15:08:47.380 [JPS thread pool] INFO  o.a.AndroidAnnotationProcessor:250 - Number of files generated by AndroidAnnotations: 1
15:08:47.384 [JPS thread pool] INFO  o.a.g.ApiCodeGenerator:52 - Writting following API classes in project: []
15:08:47.387 [JPS thread pool] DEBUG o.a.g.SourceCodewriter:55 - Generating class: com.lfz.blueLight.MyActivity_
15:08:47.419 [JPS thread pool] INFO  o.a.p.TimeStats:81 - Time measurements: [Whole Processing = 375 ms], [Extract Manifest = 129 ms], [Process Annotations = 102 ms], [Find R Classes = 60 ms], [Generate Sources = 39 ms], [Validate Annotations = 17 ms], [Extract Annotations = 5 ms], 
15:08:47.420 [JPS thread pool] INFO  o.a.AndroidAnnotationProcessor:122 - Finish processing
15:17:03.484 [JPS thread pool] INFO  o.a.AndroidAnnotationProcessor:84 - Initialize AndroidAnnotations 3.1 with options {}
15:17:03.748 [JPS thread pool] INFO  o.a.AndroidAnnotationProcessor:108 - Start processing for 1 annotations on 1 elements
15:17:03.758 [JPS thread pool] DEBUG o.a.h.AndroidManifestFinder:137 - AndroidManifest.xml file found in parent folder E:\codeRes\BlueLight: E:\codeRes\BlueLight\AndroidManifest.xml
15:17:03.839 [JPS thread pool] INFO  o.a.AndroidAnnotationProcessor:171 - AndroidManifest.xml found: AndroidManifest [applicationPackage=com.lfz.blueLight, componentQualifiedNames=[com.lfz.blueLight.MyActivity_], permissionQualifiedNames=[], applicationClassName=null, libraryProject=false, debugabble=false, minSdkVersion=19, maxSdkVersion=-1, targetSdkVersion=-1]
15:17:03.841 [JPS thread pool] INFO  o.a.r.ProjectRClassFinder:50 - Found project R class: com.lfz.blueLight.R
15:17:03.855 [JPS thread pool] INFO  o.a.r.AndroidRClassFinder:44 - Found Android class: android.R
15:17:03.923 [JPS thread pool] INFO  o.a.p.ModelValidator:42 - Validating elements
15:17:03.925 [JPS thread pool] DEBUG o.a.p.ModelValidator:62 - Validating with EActivityHandler: [com.lfz.blueLight.MyActivity]
15:17:03.971 [JPS thread pool] INFO  o.a.p.ModelProcessor:69 - Processing root elements
15:17:03.972 [JPS thread pool] DEBUG o.a.p.ModelProcessor:160 - Processing root elements EActivityHandler: [com.lfz.blueLight.MyActivity]
15:17:04.72 [JPS thread pool] INFO  o.a.p.ModelProcessor:77 - Processing enclosed elements
15:17:04.75 [JPS thread pool] INFO  o.a.AndroidAnnotationProcessor:250 - Number of files generated by AndroidAnnotations: 1
15:17:04.79 [JPS thread pool] INFO  o.a.g.ApiCodeGenerator:52 - Writting following API classes in project: []
15:17:04.82 [JPS thread pool] DEBUG o.a.g.SourceCodewriter:55 - Generating class: com.lfz.blueLight.MyActivity_
15:17:04.112 [JPS thread pool] INFO  o.a.p.TimeStats:81 - Time measurements: [Whole Processing = 364 ms], [Process Annotations = 130 ms], [Extract Manifest = 84 ms], [Find R Classes = 58 ms], [Generate Sources = 38 ms], [Validate Annotations = 22 ms], [Extract Annotations = 5 ms], 
15:17:04.113 [JPS thread pool] INFO  o.a.AndroidAnnotationProcessor:122 - Finish processing
15:24:36.213 [JPS thread pool] INFO  o.a.AndroidAnnotationProcessor:84 - Initialize AndroidAnnotations 3.1 with options {}
15:24:36.454 [JPS thread pool] INFO  o.a.AndroidAnnotationProcessor:108 - Start processing for 1 annotations on 1 elements
15:24:36.466 [JPS thread pool] DEBUG o.a.h.AndroidManifestFinder:137 - AndroidManifest.xml file found in parent folder E:\codeRes\BlueLight: E:\codeRes\BlueLight\AndroidManifest.xml
15:24:36.540 [JPS thread pool] INFO  o.a.AndroidAnnotationProcessor:171 - AndroidManifest.xml found: AndroidManifest [applicationPackage=com.lfz.blueLight, componentQualifiedNames=[com.lfz.blueLight.MyActivity_], permissionQualifiedNames=[], applicationClassName=null, libraryProject=false, debugabble=false, minSdkVersion=19, maxSdkVersion=-1, targetSdkVersion=-1]
15:24:36.543 [JPS thread pool] INFO  o.a.r.ProjectRClassFinder:50 - Found project R class: com.lfz.blueLight.R
15:24:36.556 [JPS thread pool] INFO  o.a.r.AndroidRClassFinder:44 - Found Android class: android.R
15:24:36.628 [JPS thread pool] INFO  o.a.p.ModelValidator:42 - Validating elements
15:24:36.628 [JPS thread pool] DEBUG o.a.p.ModelValidator:62 - Validating with EActivityHandler: [com.lfz.blueLight.MyActivity]
15:24:36.668 [JPS thread pool] INFO  o.a.p.ModelProcessor:69 - Processing root elements
15:24:36.669 [JPS thread pool] DEBUG o.a.p.ModelProcessor:160 - Processing root elements EActivityHandler: [com.lfz.blueLight.MyActivity]
15:24:36.765 [JPS thread pool] INFO  o.a.p.ModelProcessor:77 - Processing enclosed elements
15:24:36.767 [JPS thread pool] INFO  o.a.AndroidAnnotationProcessor:250 - Number of files generated by AndroidAnnotations: 1
15:24:36.771 [JPS thread pool] INFO  o.a.g.ApiCodeGenerator:52 - Writting following API classes in project: []
15:24:36.776 [JPS thread pool] DEBUG o.a.g.SourceCodewriter:55 - Generating class: com.lfz.blueLight.MyActivity_
15:24:36.812 [JPS thread pool] INFO  o.a.p.TimeStats:81 - Time measurements: [Whole Processing = 358 ms], [Process Annotations = 124 ms], [Extract Manifest = 77 ms], [Find R Classes = 60 ms], [Generate Sources = 44 ms], [Validate Annotations = 16 ms], [Extract Annotations = 8 ms], 
15:24:36.813 [JPS thread pool] INFO  o.a.AndroidAnnotationProcessor:122 - Finish processing
15:24:48.826 [JPS thread pool] INFO  o.a.AndroidAnnotationProcessor:84 - Initialize AndroidAnnotations 3.1 with options {}
15:24:49.37 [JPS thread pool] INFO  o.a.AndroidAnnotationProcessor:108 - Start processing for 1 annotations on 1 elements
15:24:49.47 [JPS thread pool] DEBUG o.a.h.AndroidManifestFinder:137 - AndroidManifest.xml file found in parent folder E:\codeRes\BlueLight: E:\codeRes\BlueLight\AndroidManifest.xml
15:24:49.85 [JPS thread pool] INFO  o.a.AndroidAnnotationProcessor:171 - AndroidManifest.xml found: AndroidManifest [applicationPackage=com.lfz.blueLight, componentQualifiedNames=[com.lfz.blueLight.MyActivity_], permissionQualifiedNames=[], applicationClassName=null, libraryProject=false, debugabble=false, minSdkVersion=19, maxSdkVersion=-1, targetSdkVersion=-1]
15:24:49.87 [JPS thread pool] INFO  o.a.r.ProjectRClassFinder:50 - Found project R class: com.lfz.blueLight.R
15:24:49.98 [JPS thread pool] INFO  o.a.r.AndroidRClassFinder:44 - Found Android class: android.R
15:24:49.163 [JPS thread pool] INFO  o.a.p.ModelValidator:42 - Validating elements
15:24:49.164 [JPS thread pool] DEBUG o.a.p.ModelValidator:62 - Validating with EActivityHandler: [com.lfz.blueLight.MyActivity]
15:24:49.204 [JPS thread pool] INFO  o.a.p.ModelProcessor:69 - Processing root elements
15:24:49.205 [JPS thread pool] DEBUG o.a.p.ModelProcessor:160 - Processing root elements EActivityHandler: [com.lfz.blueLight.MyActivity]
15:24:49.292 [JPS thread pool] INFO  o.a.p.ModelProcessor:77 - Processing enclosed elements
15:24:49.293 [JPS thread pool] INFO  o.a.AndroidAnnotationProcessor:250 - Number of files generated by AndroidAnnotations: 1
15:24:49.297 [JPS thread pool] INFO  o.a.g.ApiCodeGenerator:52 - Writting following API classes in project: []
15:24:49.301 [JPS thread pool] DEBUG o.a.g.SourceCodewriter:55 - Generating class: com.lfz.blueLight.MyActivity_
15:24:49.328 [JPS thread pool] INFO  o.a.p.TimeStats:81 - Time measurements: [Whole Processing = 291 ms], [Process Annotations = 113 ms], [Find R Classes = 53 ms], [Extract Manifest = 41 ms], [Generate Sources = 35 ms], [Validate Annotations = 18 ms], [Extract Annotations = 5 ms], 
15:24:49.329 [JPS thread pool] INFO  o.a.AndroidAnnotationProcessor:122 - Finish processing
15:30:27.311 [JPS thread pool] INFO  o.a.AndroidAnnotationProcessor:84 - Initialize AndroidAnnotations 3.1 with options {}
15:30:27.606 [JPS thread pool] INFO  o.a.AndroidAnnotationProcessor:108 - Start processing for 1 annotations on 1 elements
15:30:27.620 [JPS thread pool] DEBUG o.a.h.AndroidManifestFinder:137 - AndroidManifest.xml file found in parent folder E:\codeRes\BlueLight: E:\codeRes\BlueLight\AndroidManifest.xml
15:30:27.715 [JPS thread pool] INFO  o.a.AndroidAnnotationProcessor:171 - AndroidManifest.xml found: AndroidManifest [applicationPackage=com.lfz.blueLight, componentQualifiedNames=[com.lfz.blueLight.MyActivity_], permissionQualifiedNames=[], applicationClassName=null, libraryProject=false, debugabble=false, minSdkVersion=19, maxSdkVersion=-1, targetSdkVersion=-1]
15:30:27.723 [JPS thread pool] INFO  o.a.r.ProjectRClassFinder:50 - Found project R class: com.lfz.blueLight.R
15:30:27.754 [JPS thread pool] INFO  o.a.r.AndroidRClassFinder:44 - Found Android class: android.R
15:30:27.843 [JPS thread pool] INFO  o.a.p.ModelValidator:42 - Validating elements
15:30:27.844 [JPS thread pool] DEBUG o.a.p.ModelValidator:62 - Validating with EFragmentHandler: [com.lfz.blueLight.WelcomeFragment]
15:30:27.891 [JPS thread pool] INFO  o.a.p.ModelProcessor:69 - Processing root elements
15:30:27.892 [JPS thread pool] DEBUG o.a.p.ModelProcessor:160 - Processing root elements EFragmentHandler: [com.lfz.blueLight.WelcomeFragment]
15:30:27.967 [JPS thread pool] INFO  o.a.p.ModelProcessor:77 - Processing enclosed elements
15:30:27.970 [JPS thread pool] INFO  o.a.AndroidAnnotationProcessor:250 - Number of files generated by AndroidAnnotations: 1
15:30:27.976 [JPS thread pool] INFO  o.a.g.ApiCodeGenerator:52 - Writting following API classes in project: []
15:30:27.980 [JPS thread pool] DEBUG o.a.g.SourceCodewriter:55 - Generating class: com.lfz.blueLight.WelcomeFragment_
15:30:28.14 [JPS thread pool] INFO  o.a.p.TimeStats:81 - Time measurements: [Whole Processing = 408 ms], [Process Annotations = 108 ms], [Extract Manifest = 100 ms], [Find R Classes = 96 ms], [Generate Sources = 43 ms], [Validate Annotations = 20 ms], [Extract Annotations = 7 ms], 
15:30:28.15 [JPS thread pool] INFO  o.a.AndroidAnnotationProcessor:122 - Finish processing
15:31:38.778 [JPS thread pool] INFO  o.a.AndroidAnnotationProcessor:84 - Initialize AndroidAnnotations 3.1 with options {}
15:31:39.50 [JPS thread pool] INFO  o.a.AndroidAnnotationProcessor:108 - Start processing for 1 annotations on 1 elements
15:31:39.63 [JPS thread pool] DEBUG o.a.h.AndroidManifestFinder:137 - AndroidManifest.xml file found in parent folder E:\codeRes\BlueLight: E:\codeRes\BlueLight\AndroidManifest.xml
15:31:39.125 [JPS thread pool] INFO  o.a.AndroidAnnotationProcessor:171 - AndroidManifest.xml found: AndroidManifest [applicationPackage=com.lfz.blueLight, componentQualifiedNames=[com.lfz.blueLight.MyActivity_], permissionQualifiedNames=[], applicationClassName=null, libraryProject=false, debugabble=false, minSdkVersion=19, maxSdkVersion=-1, targetSdkVersion=-1]
15:31:39.127 [JPS thread pool] INFO  o.a.r.ProjectRClassFinder:50 - Found project R class: com.lfz.blueLight.R
15:31:39.143 [JPS thread pool] INFO  o.a.r.AndroidRClassFinder:44 - Found Android class: android.R
15:31:39.210 [JPS thread pool] INFO  o.a.p.ModelValidator:42 - Validating elements
15:31:39.211 [JPS thread pool] DEBUG o.a.p.ModelValidator:62 - Validating with EFragmentHandler: [com.lfz.blueLight.WelcomeFragment]
15:31:39.258 [JPS thread pool] INFO  o.a.p.ModelProcessor:69 - Processing root elements
15:31:39.259 [JPS thread pool] DEBUG o.a.p.ModelProcessor:160 - Processing root elements EFragmentHandler: [com.lfz.blueLight.WelcomeFragment]
15:31:39.335 [JPS thread pool] INFO  o.a.p.ModelProcessor:77 - Processing enclosed elements
15:31:39.339 [JPS thread pool] INFO  o.a.AndroidAnnotationProcessor:250 - Number of files generated by AndroidAnnotations: 1
15:31:39.345 [JPS thread pool] INFO  o.a.g.ApiCodeGenerator:52 - Writting following API classes in project: []
15:31:39.352 [JPS thread pool] DEBUG o.a.g.SourceCodewriter:55 - Generating class: com.lfz.blueLight.WelcomeFragment_
15:31:39.397 [JPS thread pool] INFO  o.a.p.TimeStats:81 - Time measurements: [Whole Processing = 346 ms], [Process Annotations = 109 ms], [Extract Manifest = 66 ms], [Find R Classes = 59 ms], [Generate Sources = 57 ms], [Validate Annotations = 20 ms], [Extract Annotations = 7 ms], 
15:31:39.397 [JPS thread pool] INFO  o.a.AndroidAnnotationProcessor:122 - Finish processing
15:36:47.624 [JPS thread pool] INFO  o.a.AndroidAnnotationProcessor:84 - Initialize AndroidAnnotations 3.1 with options {}
15:39:11.888 [JPS thread pool] INFO  o.a.AndroidAnnotationProcessor:84 - Initialize AndroidAnnotations 3.1 with options {}
15:39:12.92 [JPS thread pool] INFO  o.a.AndroidAnnotationProcessor:108 - Start processing for 2 annotations on 2 elements
15:39:12.104 [JPS thread pool] DEBUG o.a.h.AndroidManifestFinder:137 - AndroidManifest.xml file found in parent folder E:\codeRes\BlueLight: E:\codeRes\BlueLight\AndroidManifest.xml
15:39:12.200 [JPS thread pool] INFO  o.a.AndroidAnnotationProcessor:171 - AndroidManifest.xml found: AndroidManifest [applicationPackage=com.lfz.blueLight, componentQualifiedNames=[com.lfz.blueLight.MyActivity_], permissionQualifiedNames=[], applicationClassName=null, libraryProject=false, debugabble=false, minSdkVersion=19, maxSdkVersion=-1, targetSdkVersion=-1]
15:39:12.201 [JPS thread pool] INFO  o.a.r.ProjectRClassFinder:50 - Found project R class: com.lfz.blueLight.R
15:39:12.212 [JPS thread pool] INFO  o.a.r.AndroidRClassFinder:44 - Found Android class: android.R
15:39:12.274 [JPS thread pool] INFO  o.a.p.ModelValidator:42 - Validating elements
15:39:12.275 [JPS thread pool] DEBUG o.a.p.ModelValidator:62 - Validating with EFragmentHandler: [com.lfz.blueLight.WelcomeFragment]
15:39:12.288 [JPS thread pool] DEBUG o.a.p.ModelValidator:62 - Validating with ViewByIdHandler: [mTextViewTitle]
15:39:12.317 [JPS thread pool] INFO  o.a.p.ModelProcessor:69 - Processing root elements
15:39:12.318 [JPS thread pool] DEBUG o.a.p.ModelProcessor:160 - Processing root elements EFragmentHandler: [com.lfz.blueLight.WelcomeFragment]
15:39:12.376 [JPS thread pool] INFO  o.a.p.ModelProcessor:77 - Processing enclosed elements
15:39:12.380 [JPS thread pool] INFO  o.a.AndroidAnnotationProcessor:250 - Number of files generated by AndroidAnnotations: 1
15:39:12.385 [JPS thread pool] INFO  o.a.g.ApiCodeGenerator:52 - Writting following API classes in project: []
15:39:12.389 [JPS thread pool] DEBUG o.a.g.SourceCodewriter:55 - Generating class: com.lfz.blueLight.WelcomeFragment_
15:39:12.420 [JPS thread pool] INFO  o.a.p.TimeStats:81 - Time measurements: [Whole Processing = 328 ms], [Extract Manifest = 99 ms], [Process Annotations = 84 ms], [Find R Classes = 51 ms], [Generate Sources = 39 ms], [Validate Annotations = 23 ms], [Extract Annotations = 8 ms], 
15:39:12.421 [JPS thread pool] INFO  o.a.AndroidAnnotationProcessor:122 - Finish processing
15:41:05.928 [JPS thread pool] INFO  o.a.AndroidAnnotationProcessor:84 - Initialize AndroidAnnotations 3.1 with options {}
15:41:06.147 [JPS thread pool] INFO  o.a.AndroidAnnotationProcessor:108 - Start processing for 3 annotations on 2 elements
15:41:06.159 [JPS thread pool] DEBUG o.a.h.AndroidManifestFinder:137 - AndroidManifest.xml file found in parent folder E:\codeRes\BlueLight: E:\codeRes\BlueLight\AndroidManifest.xml
15:41:06.202 [JPS thread pool] INFO  o.a.AndroidAnnotationProcessor:171 - AndroidManifest.xml found: AndroidManifest [applicationPackage=com.lfz.blueLight, componentQualifiedNames=[com.lfz.blueLight.MyActivity_], permissionQualifiedNames=[], applicationClassName=null, libraryProject=false, debugabble=false, minSdkVersion=19, maxSdkVersion=-1, targetSdkVersion=-1]
15:41:06.204 [JPS thread pool] INFO  o.a.r.ProjectRClassFinder:50 - Found project R class: com.lfz.blueLight.R
15:41:06.214 [JPS thread pool] INFO  o.a.r.AndroidRClassFinder:44 - Found Android class: android.R
15:41:06.269 [JPS thread pool] INFO  o.a.p.ModelValidator:42 - Validating elements
15:41:06.269 [JPS thread pool] DEBUG o.a.p.ModelValidator:62 - Validating with EActivityHandler: [com.lfz.blueLight.MyActivity]
15:41:06.283 [JPS thread pool] DEBUG o.a.p.ModelValidator:62 - Validating with EFragmentHandler: [com.lfz.blueLight.WelcomeFragment]
15:41:06.289 [JPS thread pool] DEBUG o.a.p.ModelValidator:62 - Validating with ViewByIdHandler: [mTextViewTitle]
15:41:06.317 [JPS thread pool] INFO  o.a.p.ModelProcessor:69 - Processing root elements
15:41:06.317 [JPS thread pool] DEBUG o.a.p.ModelProcessor:160 - Processing root elements EActivityHandler: [com.lfz.blueLight.MyActivity]
15:41:06.400 [JPS thread pool] DEBUG o.a.p.ModelProcessor:160 - Processing root elements EFragmentHandler: [com.lfz.blueLight.WelcomeFragment]
15:41:06.408 [JPS thread pool] INFO  o.a.p.ModelProcessor:77 - Processing enclosed elements
15:41:06.415 [JPS thread pool] INFO  o.a.AndroidAnnotationProcessor:250 - Number of files generated by AndroidAnnotations: 2
15:41:06.422 [JPS thread pool] INFO  o.a.g.ApiCodeGenerator:52 - Writting following API classes in project: []
15:41:06.426 [JPS thread pool] DEBUG o.a.g.SourceCodewriter:55 - Generating class: com.lfz.blueLight.MyActivity_
15:41:06.458 [JPS thread pool] DEBUG o.a.g.SourceCodewriter:55 - Generating class: com.lfz.blueLight.WelcomeFragment_
15:41:06.465 [JPS thread pool] INFO  o.a.p.TimeStats:81 - Time measurements: [Whole Processing = 317 ms], [Process Annotations = 119 ms], [Generate Sources = 49 ms], [Extract Manifest = 46 ms], [Find R Classes = 43 ms], [Validate Annotations = 27 ms], [Extract Annotations = 7 ms], 
15:41:06.465 [JPS thread pool] INFO  o.a.AndroidAnnotationProcessor:122 - Finish processing
15:41:58.395 [JPS thread pool] INFO  o.a.AndroidAnnotationProcessor:84 - Initialize AndroidAnnotations 3.1 with options {}
15:41:58.609 [JPS thread pool] INFO  o.a.AndroidAnnotationProcessor:108 - Start processing for 2 annotations on 1 elements
15:41:58.620 [JPS thread pool] DEBUG o.a.h.AndroidManifestFinder:137 - AndroidManifest.xml file found in parent folder E:\codeRes\BlueLight: E:\codeRes\BlueLight\AndroidManifest.xml
15:41:58.659 [JPS thread pool] INFO  o.a.AndroidAnnotationProcessor:171 - AndroidManifest.xml found: AndroidManifest [applicationPackage=com.lfz.blueLight, componentQualifiedNames=[com.lfz.blueLight.MyActivity_], permissionQualifiedNames=[], applicationClassName=null, libraryProject=false, debugabble=false, minSdkVersion=19, maxSdkVersion=-1, targetSdkVersion=-1]
15:41:58.661 [JPS thread pool] INFO  o.a.r.ProjectRClassFinder:50 - Found project R class: com.lfz.blueLight.R
15:41:58.672 [JPS thread pool] INFO  o.a.r.AndroidRClassFinder:44 - Found Android class: android.R
15:41:58.727 [JPS thread pool] INFO  o.a.p.ModelValidator:42 - Validating elements
15:41:58.728 [JPS thread pool] DEBUG o.a.p.ModelValidator:62 - Validating with EFragmentHandler: [com.lfz.blueLight.WelcomeFragment]
15:41:58.741 [JPS thread pool] DEBUG o.a.p.ModelValidator:62 - Validating with ViewByIdHandler: [mTextViewTitle]
15:41:58.770 [JPS thread pool] INFO  o.a.p.ModelProcessor:69 - Processing root elements
15:41:58.770 [JPS thread pool] DEBUG o.a.p.ModelProcessor:160 - Processing root elements EFragmentHandler: [com.lfz.blueLight.WelcomeFragment]
15:41:58.826 [JPS thread pool] INFO  o.a.p.ModelProcessor:77 - Processing enclosed elements
15:41:58.830 [JPS thread pool] INFO  o.a.AndroidAnnotationProcessor:250 - Number of files generated by AndroidAnnotations: 1
15:41:58.834 [JPS thread pool] INFO  o.a.g.ApiCodeGenerator:52 - Writting following API classes in project: []
15:41:58.838 [JPS thread pool] DEBUG o.a.g.SourceCodewriter:55 - Generating class: com.lfz.blueLight.WelcomeFragment_
15:41:58.865 [JPS thread pool] INFO  o.a.p.TimeStats:81 - Time measurements: [Whole Processing = 256 ms], [Process Annotations = 82 ms], [Find R Classes = 45 ms], [Extract Manifest = 42 ms], [Generate Sources = 35 ms], [Validate Annotations = 23 ms], [Extract Annotations = 6 ms], 
15:41:58.866 [JPS thread pool] INFO  o.a.AndroidAnnotationProcessor:122 - Finish processing
15:42:49.617 [JPS thread pool] INFO  o.a.AndroidAnnotationProcessor:84 - Initialize AndroidAnnotations 3.1 with options {}
15:42:49.932 [JPS thread pool] INFO  o.a.AndroidAnnotationProcessor:108 - Start processing for 2 annotations on 1 elements
15:42:49.942 [JPS thread pool] DEBUG o.a.h.AndroidManifestFinder:137 - AndroidManifest.xml file found in parent folder E:\codeRes\BlueLight: E:\codeRes\BlueLight\AndroidManifest.xml
15:42:49.996 [JPS thread pool] INFO  o.a.AndroidAnnotationProcessor:171 - AndroidManifest.xml found: AndroidManifest [applicationPackage=com.lfz.blueLight, componentQualifiedNames=[com.lfz.blueLight.MyActivity_], permissionQualifiedNames=[], applicationClassName=null, libraryProject=false, debugabble=false, minSdkVersion=19, maxSdkVersion=-1, targetSdkVersion=-1]
15:42:50.0 [JPS thread pool] INFO  o.a.r.ProjectRClassFinder:50 - Found project R class: com.lfz.blueLight.R
15:42:50.10 [JPS thread pool] INFO  o.a.r.AndroidRClassFinder:44 - Found Android class: android.R
15:42:50.61 [JPS thread pool] INFO  o.a.p.ModelValidator:42 - Validating elements
15:42:50.63 [JPS thread pool] DEBUG o.a.p.ModelValidator:62 - Validating with EFragmentHandler: [com.lfz.blueLight.WelcomeFragment]
15:42:50.79 [JPS thread pool] DEBUG o.a.p.ModelValidator:62 - Validating with ViewByIdHandler: [mTextViewTitle]
15:42:50.110 [JPS thread pool] INFO  o.a.p.ModelProcessor:69 - Processing root elements
15:42:50.110 [JPS thread pool] DEBUG o.a.p.ModelProcessor:160 - Processing root elements EFragmentHandler: [com.lfz.blueLight.WelcomeFragment]
15:42:50.171 [JPS thread pool] INFO  o.a.p.ModelProcessor:77 - Processing enclosed elements
15:42:50.175 [JPS thread pool] INFO  o.a.AndroidAnnotationProcessor:250 - Number of files generated by AndroidAnnotations: 1
15:42:50.178 [JPS thread pool] INFO  o.a.g.ApiCodeGenerator:52 - Writting following API classes in project: []
15:42:50.183 [JPS thread pool] DEBUG o.a.g.SourceCodewriter:55 - Generating class: com.lfz.blueLight.WelcomeFragment_
15:42:50.210 [JPS thread pool] INFO  o.a.p.TimeStats:81 - Time measurements: [Whole Processing = 278 ms], [Process Annotations = 88 ms], [Extract Manifest = 55 ms], [Find R Classes = 47 ms], [Generate Sources = 35 ms], [Validate Annotations = 26 ms], [Extract Annotations = 6 ms], 
15:42:50.211 [JPS thread pool] INFO  o.a.AndroidAnnotationProcessor:122 - Finish processing
16:43:10.813 [JPS thread pool] INFO  o.a.AndroidAnnotationProcessor:84 - Initialize AndroidAnnotations 3.1 with options {}
16:43:11.43 [JPS thread pool] INFO  o.a.AndroidAnnotationProcessor:108 - Start processing for 3 annotations on 4 elements
16:43:11.58 [JPS thread pool] DEBUG o.a.h.AndroidManifestFinder:137 - AndroidManifest.xml file found in parent folder E:\codeRes\BlueLight: E:\codeRes\BlueLight\AndroidManifest.xml
16:43:11.156 [JPS thread pool] INFO  o.a.AndroidAnnotationProcessor:171 - AndroidManifest.xml found: AndroidManifest [applicationPackage=com.lfz.blueLight, componentQualifiedNames=[com.lfz.blueLight.MyActivity_], permissionQualifiedNames=[], applicationClassName=null, libraryProject=false, debugabble=false, minSdkVersion=19, maxSdkVersion=-1, targetSdkVersion=-1]
16:43:11.159 [JPS thread pool] INFO  o.a.r.ProjectRClassFinder:50 - Found project R class: com.lfz.blueLight.R
16:43:11.170 [JPS thread pool] INFO  o.a.r.AndroidRClassFinder:44 - Found Android class: android.R
16:43:11.262 [JPS thread pool] INFO  o.a.p.ModelValidator:42 - Validating elements
16:43:11.263 [JPS thread pool] DEBUG o.a.p.ModelValidator:62 - Validating with EActivityHandler: [com.lfz.blueLight.MyActivity]
16:43:11.280 [JPS thread pool] DEBUG o.a.p.ModelValidator:62 - Validating with EFragmentHandler: [com.lfz.blueLight.WelcomeFragment]
16:43:11.286 [JPS thread pool] DEBUG o.a.p.ModelValidator:62 - Validating with ViewByIdHandler: [mViewPager]
16:43:11.323 [JPS thread pool] INFO  o.a.p.ModelProcessor:69 - Processing root elements
16:43:11.324 [JPS thread pool] DEBUG o.a.p.ModelProcessor:160 - Processing root elements EActivityHandler: [com.lfz.blueLight.MyActivity]
16:43:11.425 [JPS thread pool] DEBUG o.a.p.ModelProcessor:160 - Processing root elements EFragmentHandler: [com.lfz.blueLight.WelcomeFragment]
16:43:11.433 [JPS thread pool] INFO  o.a.p.ModelProcessor:77 - Processing enclosed elements
16:43:11.438 [JPS thread pool] INFO  o.a.AndroidAnnotationProcessor:250 - Number of files generated by AndroidAnnotations: 2
16:43:11.442 [JPS thread pool] INFO  o.a.g.ApiCodeGenerator:52 - Writting following API classes in project: []
16:43:11.448 [JPS thread pool] DEBUG o.a.g.SourceCodewriter:55 - Generating class: com.lfz.blueLight.MyActivity_
16:43:11.479 [JPS thread pool] DEBUG o.a.g.SourceCodewriter:55 - Generating class: com.lfz.blueLight.WelcomeFragment_
16:43:11.485 [JPS thread pool] INFO  o.a.p.TimeStats:81 - Time measurements: [Whole Processing = 442 ms], [Process Annotations = 143 ms], [Extract Manifest = 102 ms], [Find R Classes = 48 ms], [Generate Sources = 48 ms], [Validate Annotations = 34 ms], [Extract Annotations = 9 ms], 
16:43:11.486 [JPS thread pool] INFO  o.a.AndroidAnnotationProcessor:122 - Finish processing
16:54:17.824 [JPS thread pool] INFO  o.a.AndroidAnnotationProcessor:84 - Initialize AndroidAnnotations 3.1 with options {}
16:54:17.998 [JPS thread pool] INFO  o.a.AndroidAnnotationProcessor:108 - Start processing for 2 annotations on 2 elements
16:54:18.8 [JPS thread pool] DEBUG o.a.h.AndroidManifestFinder:137 - AndroidManifest.xml file found in parent folder E:\codeRes\BlueLight: E:\codeRes\BlueLight\AndroidManifest.xml
16:54:18.67 [JPS thread pool] INFO  o.a.AndroidAnnotationProcessor:171 - AndroidManifest.xml found: AndroidManifest [applicationPackage=com.lfz.blueLight, componentQualifiedNames=[com.lfz.blueLight.MyActivity_], permissionQualifiedNames=[], applicationClassName=null, libraryProject=false, debugabble=false, minSdkVersion=19, maxSdkVersion=-1, targetSdkVersion=-1]
16:54:18.68 [JPS thread pool] INFO  o.a.r.ProjectRClassFinder:50 - Found project R class: com.lfz.blueLight.R
16:54:18.77 [JPS thread pool] INFO  o.a.r.AndroidRClassFinder:44 - Found Android class: android.R
16:54:18.127 [JPS thread pool] INFO  o.a.p.ModelValidator:42 - Validating elements
16:54:18.128 [JPS thread pool] DEBUG o.a.p.ModelValidator:62 - Validating with EFragmentHandler: [com.lfz.blueLight.WelcomeFragment]
16:54:18.142 [JPS thread pool] DEBUG o.a.p.ModelValidator:62 - Validating with ViewByIdHandler: [tv, mViewPager]
16:54:18.170 [JPS thread pool] INFO  o.a.p.ModelProcessor:69 - Processing root elements
16:54:18.170 [JPS thread pool] DEBUG o.a.p.ModelProcessor:160 - Processing root elements EFragmentHandler: [com.lfz.blueLight.WelcomeFragment]
16:54:18.224 [JPS thread pool] INFO  o.a.p.ModelProcessor:77 - Processing enclosed elements
16:54:18.229 [JPS thread pool] INFO  o.a.AndroidAnnotationProcessor:250 - Number of files generated by AndroidAnnotations: 1
16:54:18.233 [JPS thread pool] INFO  o.a.g.ApiCodeGenerator:52 - Writting following API classes in project: []
16:54:18.236 [JPS thread pool] DEBUG o.a.g.SourceCodewriter:55 - Generating class: com.lfz.blueLight.WelcomeFragment_
16:54:18.264 [JPS thread pool] INFO  o.a.p.TimeStats:81 - Time measurements: [Whole Processing = 265 ms], [Process Annotations = 80 ms], [Extract Manifest = 62 ms], [Find R Classes = 40 ms], [Generate Sources = 34 ms], [Validate Annotations = 23 ms], [Extract Annotations = 5 ms], 
16:54:18.264 [JPS thread pool] INFO  o.a.AndroidAnnotationProcessor:122 - Finish processing
16:54:19.434 [JPS thread pool] INFO  o.a.AndroidAnnotationProcessor:84 - Initialize AndroidAnnotations 3.1 with options {}
16:54:19.601 [JPS thread pool] INFO  o.a.AndroidAnnotationProcessor:108 - Start processing for 2 annotations on 1 elements
16:54:19.610 [JPS thread pool] DEBUG o.a.h.AndroidManifestFinder:137 - AndroidManifest.xml file found in parent folder E:\codeRes\BlueLight: E:\codeRes\BlueLight\AndroidManifest.xml
16:54:19.622 [JPS thread pool] INFO  o.a.AndroidAnnotationProcessor:171 - AndroidManifest.xml found: AndroidManifest [applicationPackage=com.lfz.blueLight, componentQualifiedNames=[com.lfz.blueLight.MyActivity_], permissionQualifiedNames=[], applicationClassName=null, libraryProject=false, debugabble=false, minSdkVersion=19, maxSdkVersion=-1, targetSdkVersion=-1]
16:54:19.624 [JPS thread pool] INFO  o.a.r.ProjectRClassFinder:50 - Found project R class: com.lfz.blueLight.R
16:54:19.630 [JPS thread pool] INFO  o.a.r.AndroidRClassFinder:44 - Found Android class: android.R
16:54:19.668 [JPS thread pool] INFO  o.a.p.ModelValidator:42 - Validating elements
16:54:19.669 [JPS thread pool] DEBUG o.a.p.ModelValidator:62 - Validating with EFragmentHandler: [com.lfz.blueLight.WelcomeFragment]
16:54:19.675 [JPS thread pool] DEBUG o.a.p.ModelValidator:62 - Validating with ViewByIdHandler: [tv, mViewPager]
16:54:19.719 [JPS thread pool] INFO  o.a.p.ModelProcessor:69 - Processing root elements
16:54:19.720 [JPS thread pool] DEBUG o.a.p.ModelProcessor:160 - Processing root elements EFragmentHandler: [com.lfz.blueLight.WelcomeFragment]
16:54:19.775 [JPS thread pool] INFO  o.a.p.ModelProcessor:77 - Processing enclosed elements
16:54:19.779 [JPS thread pool] INFO  o.a.AndroidAnnotationProcessor:250 - Number of files generated by AndroidAnnotations: 1
16:54:19.783 [JPS thread pool] INFO  o.a.g.ApiCodeGenerator:52 - Writting following API classes in project: []
16:54:19.786 [JPS thread pool] DEBUG o.a.g.SourceCodewriter:55 - Generating class: com.lfz.blueLight.WelcomeFragment_
16:54:19.802 [JPS thread pool] INFO  o.a.p.TimeStats:81 - Time measurements: [Whole Processing = 201 ms], [Process Annotations = 91 ms], [Find R Classes = 25 ms], [Generate Sources = 23 ms], [Validate Annotations = 21 ms], [Extract Manifest = 15 ms], [Extract Annotations = 4 ms], 
16:54:19.803 [JPS thread pool] INFO  o.a.AndroidAnnotationProcessor:122 - Finish processing
16:56:40.611 [JPS thread pool] INFO  o.a.AndroidAnnotationProcessor:84 - Initialize AndroidAnnotations 3.1 with options {}
16:56:40.793 [JPS thread pool] INFO  o.a.AndroidAnnotationProcessor:108 - Start processing for 2 annotations on 1 elements
16:56:40.802 [JPS thread pool] DEBUG o.a.h.AndroidManifestFinder:137 - AndroidManifest.xml file found in parent folder E:\codeRes\BlueLight: E:\codeRes\BlueLight\AndroidManifest.xml
16:56:40.844 [JPS thread pool] INFO  o.a.AndroidAnnotationProcessor:171 - AndroidManifest.xml found: AndroidManifest [applicationPackage=com.lfz.blueLight, componentQualifiedNames=[com.lfz.blueLight.MyActivity_], permissionQualifiedNames=[], applicationClassName=null, libraryProject=false, debugabble=false, minSdkVersion=19, maxSdkVersion=-1, targetSdkVersion=-1]
16:56:40.846 [JPS thread pool] INFO  o.a.r.ProjectRClassFinder:50 - Found project R class: com.lfz.blueLight.R
16:56:40.856 [JPS thread pool] INFO  o.a.r.AndroidRClassFinder:44 - Found Android class: android.R
16:56:40.943 [JPS thread pool] INFO  o.a.p.ModelValidator:42 - Validating elements
16:56:40.944 [JPS thread pool] DEBUG o.a.p.ModelValidator:62 - Validating with EFragmentHandler: [com.lfz.blueLight.WelcomeFragment]
16:56:40.957 [JPS thread pool] DEBUG o.a.p.ModelValidator:62 - Validating with ViewByIdHandler: [tv, mViewPager]
16:56:40.986 [JPS thread pool] INFO  o.a.p.ModelProcessor:69 - Processing root elements
16:56:40.987 [JPS thread pool] DEBUG o.a.p.ModelProcessor:160 - Processing root elements EFragmentHandler: [com.lfz.blueLight.WelcomeFragment]
16:56:41.44 [JPS thread pool] INFO  o.a.p.ModelProcessor:77 - Processing enclosed elements
16:56:41.49 [JPS thread pool] INFO  o.a.AndroidAnnotationProcessor:250 - Number of files generated by AndroidAnnotations: 1
16:56:41.53 [JPS thread pool] INFO  o.a.g.ApiCodeGenerator:52 - Writting following API classes in project: []
16:56:41.56 [JPS thread pool] DEBUG o.a.g.SourceCodewriter:55 - Generating class: com.lfz.blueLight.WelcomeFragment_
16:56:41.84 [JPS thread pool] INFO  o.a.p.TimeStats:81 - Time measurements: [Whole Processing = 291 ms], [Process Annotations = 84 ms], [Find R Classes = 77 ms], [Extract Manifest = 45 ms], [Generate Sources = 35 ms], [Validate Annotations = 22 ms], [Extract Annotations = 5 ms], 
16:56:41.84 [JPS thread pool] INFO  o.a.AndroidAnnotationProcessor:122 - Finish processing
